<?xml version="1.0" encoding="UTF-8"?>
<!-- Generated by org.testng.reporters.JUnitXMLReporter -->
<testsuite ignored="0" hostname="KELLGGNLPTP1383" failures="0" tests="5" name="Default test" time="4.078" errors="0" timestamp="2023-07-19T16:12:58 IST">
  <testcase classname="testRest.ValidationOverJson" name="prnitPaths" time="2.778"/>
  <testcase classname="testRest.ValidationOverJson" name="prnitPaths1" time="0.159"/>
  <testcase classname="testRest.ValidationOverJson" name="prnitPathsDeserialized" time="0.517"/>
  <testcase classname="testRest.ValidationOverJson" name="storeResponse" time="0.082"/>
  <testcase classname="testRest.ValidationOverJson" name="validateJsonSchema" time="0.476"/>
</testsuite> <!-- Default test -->
