<?xml version="1.0" encoding="UTF-8"?>
<!-- Generated by org.testng.reporters.JUnitXMLReporter -->
<testsuite ignored="0" hostname="KELLGGNLPTP1383" failures="0" tests="10" name="Default test" time="6.263" errors="0" timestamp="2023-07-19T01:44:34 IST">
  <testcase classname="practice.Practice" name="getHeaders" time="3.529"/>
  <testcase classname="practice.Practice" name="getRequst" time="0.141"/>
  <testcase classname="practice.Practice" name="getResponsewithReq" time="0.056"/>
  <testcase classname="practice.Practice" name="postAsFileAndAlsoRead" time="0.555"/>
  <testcase classname="practice.Practice" name="postAsFileAndAlsoReadAndReplace" time="0.128"/>
  <testcase classname="practice.Practice" name="postBodyAsJsonFile" time="0.121"/>
  <testcase classname="practice.Practice" name="postBodyAsMapHashMap" time="1.014"/>
  <testcase classname="practice.Practice" name="postBodyAsMapHashMapOnLittleMoreComplex" time="0.229"/>
  <testcase classname="practice.Practice" name="postBodyAsMapHashMapOnLittleMoreComplexUsingJsonLibrarayFromOrgdotJson" time="0.194"/>
  <testcase classname="practice.Practice" name="postBodyAsString" time="0.195"/>
</testsuite> <!-- Default test -->
