<?xml version="1.0" encoding="UTF-8"?>
<!-- Generated by org.testng.reporters.JUnitXMLReporter -->
<testsuite ignored="0" hostname="KELLGGNLPTP1383" failures="1" tests="15" name="Test" time="5.563" errors="0" timestamp="2023-07-25T01:59:55 IST">
  <testcase classname="testRest.GetRequests" name="getSimple" time="2.904">
    <failure type="java.lang.AssertionError" message="[ager verification] 
Expecting actual:
  789
to be between:
  [18, 60]
">
      <![CDATA[java.lang.AssertionError: [ager verification] 
Expecting actual:
  789
to be between:
  [18, 60]

at testRest.GetRequests.getSimple(GetRequests.java:32)
at java.base/java.util.ArrayList.forEach(ArrayList.java:1511)
... Removed 27 stack frames]]>
    </failure>
  </testcase> <!-- getSimple -->
  <testcase classname="testRest.GetRequests" name="getSimplewithPath" time="0.068"/>
  <testcase classname="testRest.GetRequests" name="getSimplewithQuery" time="0.079"/>
  <testcase classname="testRest.PostUsingLomBok" name="postUsingLombokAsBodyUsingPojo" time="0.28"/>
  <testcase classname="testRest.PostUsingLomBok" name="postUsingLombokAsBodyUsingPojosimple" time="0.075"/>
  <testcase classname="testRest.PostUsingLomBok" name="postUsingLombokAsBodyUsingPojosimple1" time="0.057"/>
  <testcase classname="testRest.ValidationOverJson" name="prnitPaths" time="0.916"/>
  <testcase classname="testRest.ValidationOverJson" name="prnitPaths1" time="0.221"/>
  <testcase classname="testRest.ValidationOverJson" name="prnitPathsDeserialized" time="0.056"/>
  <testcase classname="testRest.ValidationOverJson" name="storeResponse" time="0.073"/>
  <testcase classname="testRest.ValidationOverJson" name="validateJsonSchema" time="0.479"/>
  <testcase classname="testRest.PostUsingPojoASReqBody" name="postUsingPojoAsBody" time="0.07"/>
  <testcase classname="testRest.PostUsingPojoASReqBody" name="postUsingPojoAsBodyUsingDefaultPojoValues" time="0.047"/>
  <testcase classname="testRest.CreatingBodyUsingExBuilder" name="Print_builder" time="0.07"/>
  <testcase classname="testRest.CreatingBodyUsingExBuilder" name="Print_builder1" time="0.058"/>
</testsuite> <!-- Test -->
