<?xml version="1.0" encoding="UTF-8"?>
<!-- Generated by org.testng.reporters.JUnitXMLReporter -->
<testsuite ignored="0" hostname="KELLGGNLPTP1383" failures="0" tests="19" name="Test" time="7.732" errors="0" timestamp="2023-07-31T03:17:38 IST">
  <testcase classname="testRest.GetRequests" name="getSimple" time="3.076"/>
  <testcase classname="testRest.GetRequests" name="getSimplewithPath" time="0.057"/>
  <testcase classname="testRest.GetRequests" name="getSimplewithQuery" time="0.043"/>
  <testcase classname="testRest.PostUsingLomBok" name="postUsingLombokAsBodyUsingPojo" time="0.281"/>
  <testcase classname="testRest.PostUsingLomBok" name="postUsingLombokAsBodyUsingPojosimple" time="0.06"/>
  <testcase classname="testRest.PostUsingLomBok" name="postUsingLombokAsBodyUsingPojosimple1" time="0.05"/>
  <testcase classname="testRest.ValidationOverJson" name="prnitPaths" time="0.781"/>
  <testcase classname="testRest.ValidationOverJson" name="prnitPaths1" time="0.259"/>
  <testcase classname="testRest.ValidationOverJson" name="prnitPathsDeserialized" time="0.057"/>
  <testcase classname="testRest.ValidationOverJson" name="storeResponse" time="0.084"/>
  <testcase classname="testRest.ValidationOverJson" name="validateJsonSchema" time="0.617"/>
  <testcase classname="testRest.PostUsingPojoASReqBody" name="postUsingPojoAsBody" time="0.072"/>
  <testcase classname="testRest.PostUsingPojoASReqBody" name="postUsingPojoAsBodyUsingDefaultPojoValues" time="0.035"/>
  <testcase classname="testRest.CreatingBodyUsingExBuilder" name="Print_builder" time="0.087"/>
  <testcase classname="testRest.CreatingBodyUsingExBuilder" name="Print_builder1" time="0.053"/>
  <testcase classname="testRest.UsersApiChainingCreateTests" name="createUser" time="0.914"/>
  <testcase classname="testRest.UsersApiChainingGetTests" name="createUser" time="0.344"/>
  <testcase classname="testRest.UsersApiChainingUpdateTests" name="updateUser" time="0.424"/>
  <testcase classname="testRest.UsersApiChainingDeleteTests" name="deleteUser" time="0.304"/>
</testsuite> <!-- Test -->
