<?xml version="1.0" encoding="UTF-8"?>
<testng-results ignored="0" total="1" passed="1" failed="0" skipped="0">
  <reporter-output>
  </reporter-output>
  <suite started-at="2023-07-31T03:54:36 IST" name="Default suite" finished-at="2023-07-31T03:54:39 IST" duration-ms="3186">
    <groups>
    </groups>
    <test started-at="2023-07-31T03:54:36 IST" name="Default test" finished-at="2023-07-31T03:54:39 IST" duration-ms="3186">
      <class name="baseLibrary.ExcelUtil">
        <test-method signature="writeExcel()[pri:0, instance:baseLibrary.ExcelUtil@3daa422a]" started-at="2023-07-31T03:54:36 IST" name="writeExcel" finished-at="2023-07-31T03:54:39 IST" duration-ms="3102" status="PASS">
          <reporter-output>
          </reporter-output>
        </test-method> <!-- writeExcel -->
      </class> <!-- baseLibrary.ExcelUtil -->
    </test> <!-- Default test -->
  </suite> <!-- Default suite -->
</testng-results>
