<?xml version="1.0" encoding="UTF-8"?>
<testng-results ignored="0" total="5" passed="5" failed="0" skipped="0">
  <reporter-output>
  </reporter-output>
  <suite started-at="2023-07-19T16:12:54 IST" name="Default suite" finished-at="2023-07-19T16:12:58 IST" duration-ms="4078">
    <groups>
    </groups>
    <test started-at="2023-07-19T16:12:54 IST" name="Default test" finished-at="2023-07-19T16:12:58 IST" duration-ms="4078">
      <class name="testRest.ValidationOverJson">
        <test-method signature="prnitPaths()[pri:0, instance:testRest.ValidationOverJson@72f926e6]" started-at="2023-07-19T16:12:54 IST" name="prnitPaths" finished-at="2023-07-19T16:12:56 IST" duration-ms="2778" status="PASS">
          <reporter-output>
          </reporter-output>
        </test-method> <!-- prnitPaths -->
        <test-method signature="prnitPaths1()[pri:0, instance:testRest.ValidationOverJson@72f926e6]" started-at="2023-07-19T16:12:56 IST" name="prnitPaths1" finished-at="2023-07-19T16:12:57 IST" duration-ms="159" status="PASS">
          <reporter-output>
          </reporter-output>
        </test-method> <!-- prnitPaths1 -->
        <test-method signature="prnitPathsDeserialized()[pri:0, instance:testRest.ValidationOverJson@72f926e6]" started-at="2023-07-19T16:12:57 IST" name="prnitPathsDeserialized" finished-at="2023-07-19T16:12:57 IST" duration-ms="517" status="PASS">
          <reporter-output>
          </reporter-output>
        </test-method> <!-- prnitPathsDeserialized -->
        <test-method signature="storeResponse()[pri:0, instance:testRest.ValidationOverJson@72f926e6]" started-at="2023-07-19T16:12:57 IST" name="storeResponse" finished-at="2023-07-19T16:12:57 IST" duration-ms="82" status="PASS">
          <reporter-output>
          </reporter-output>
        </test-method> <!-- storeResponse -->
        <test-method signature="validateJsonSchema()[pri:0, instance:testRest.ValidationOverJson@72f926e6]" started-at="2023-07-19T16:12:57 IST" name="validateJsonSchema" finished-at="2023-07-19T16:12:58 IST" duration-ms="476" status="PASS">
          <reporter-output>
          </reporter-output>
        </test-method> <!-- validateJsonSchema -->
      </class> <!-- testRest.ValidationOverJson -->
    </test> <!-- Default test -->
  </suite> <!-- Default suite -->
</testng-results>
